<?xml version="1.0" encoding="UTF-8"?>
<testng-results ignored="0" total="2" passed="2" failed="0" skipped="0">
  <reporter-output>
  </reporter-output>
  <suite started-at="2024-10-24T16:45:09 IST" name="Default suite" finished-at="2024-10-24T16:46:21 IST" duration-ms="72104">
    <groups>
    </groups>
    <test started-at="2024-10-24T16:45:09 IST" name="Default test" finished-at="2024-10-24T16:46:21 IST" duration-ms="72104">
      <class name="PAC_Webdriver.TC_TestNG">
        <test-method is-config="true" signature="beforeSuite()[pri:0, instance:PAC_Webdriver.TC_TestNG@1757cd72]" started-at="2024-10-24T16:45:09 IST" name="beforeSuite" finished-at="2024-10-24T16:45:09 IST" duration-ms="17" status="PASS">
          <reporter-output>
          </reporter-output>
        </test-method> <!-- beforeSuite -->
        <test-method is-config="true" signature="beforeTest()[pri:0, instance:PAC_Webdriver.TC_TestNG@1757cd72]" started-at="2024-10-24T16:45:09 IST" name="beforeTest" finished-at="2024-10-24T16:45:09 IST" duration-ms="1" status="PASS">
          <reporter-output>
          </reporter-output>
        </test-method> <!-- beforeTest -->
        <test-method is-config="true" signature="beforeClass()[pri:0, instance:PAC_Webdriver.TC_TestNG@1757cd72]" started-at="2024-10-24T16:45:09 IST" name="beforeClass" finished-at="2024-10-24T16:45:09 IST" duration-ms="1" status="PASS">
          <reporter-output>
          </reporter-output>
        </test-method> <!-- beforeClass -->
        <test-method is-config="true" signature="beforeMethod()[pri:0, instance:PAC_Webdriver.TC_TestNG@1757cd72]" started-at="2024-10-24T16:45:09 IST" name="beforeMethod" finished-at="2024-10-24T16:45:21 IST" duration-ms="11914" status="PASS">
          <reporter-output>
          </reporter-output>
        </test-method> <!-- beforeMethod -->
        <test-method signature="f(java.lang.String,java.lang.String)[pri:0, instance:PAC_Webdriver.TC_TestNG@1757cd72]" started-at="2024-10-24T16:45:21 IST" name="f" data-provider="dp" finished-at="2024-10-24T16:45:42 IST" duration-ms="20658" status="PASS">
          <params>
            <param index="0">
              <value>
                <![CDATA[SRUHH2024@gmail.com]]>
              </value>
            </param>
            <param index="1">
              <value>
                <![CDATA[Opencart@2025]]>
              </value>
            </param>
          </params>
          <reporter-output>
          </reporter-output>
        </test-method> <!-- f -->
        <test-method is-config="true" signature="afterMethod()[pri:0, instance:PAC_Webdriver.TC_TestNG@1757cd72]" started-at="2024-10-24T16:45:42 IST" name="afterMethod" finished-at="2024-10-24T16:45:47 IST" duration-ms="5348" status="PASS">
          <reporter-output>
          </reporter-output>
        </test-method> <!-- afterMethod -->
        <test-method is-config="true" signature="beforeMethod()[pri:0, instance:PAC_Webdriver.TC_TestNG@1757cd72]" started-at="2024-10-24T16:45:47 IST" name="beforeMethod" finished-at="2024-10-24T16:45:56 IST" duration-ms="8465" status="PASS">
          <reporter-output>
          </reporter-output>
        </test-method> <!-- beforeMethod -->
        <test-method signature="f(java.lang.String,java.lang.String)[pri:0, instance:PAC_Webdriver.TC_TestNG@1757cd72]" started-at="2024-10-24T16:45:56 IST" name="f" data-provider="dp" finished-at="2024-10-24T16:46:16 IST" duration-ms="20782" status="PASS">
          <params>
            <param index="0">
              <value>
                <![CDATA[SRUH2025r@example.com]]>
              </value>
            </param>
            <param index="1">
              <value>
                <![CDATA[incorrectPassword]]>
              </value>
            </param>
          </params>
          <reporter-output>
          </reporter-output>
        </test-method> <!-- f -->
        <test-method is-config="true" signature="afterMethod()[pri:0, instance:PAC_Webdriver.TC_TestNG@1757cd72]" started-at="2024-10-24T16:46:16 IST" name="afterMethod" finished-at="2024-10-24T16:46:21 IST" duration-ms="4850" status="PASS">
          <reporter-output>
          </reporter-output>
        </test-method> <!-- afterMethod -->
        <test-method is-config="true" signature="afterClass()[pri:0, instance:PAC_Webdriver.TC_TestNG@1757cd72]" started-at="2024-10-24T16:46:21 IST" name="afterClass" finished-at="2024-10-24T16:46:21 IST" duration-ms="0" status="PASS">
          <reporter-output>
          </reporter-output>
        </test-method> <!-- afterClass -->
        <test-method is-config="true" signature="afterTest()[pri:0, instance:PAC_Webdriver.TC_TestNG@1757cd72]" started-at="2024-10-24T16:46:21 IST" name="afterTest" finished-at="2024-10-24T16:46:21 IST" duration-ms="0" status="PASS">
          <reporter-output>
          </reporter-output>
        </test-method> <!-- afterTest -->
        <test-method is-config="true" signature="afterSuite()[pri:0, instance:PAC_Webdriver.TC_TestNG@1757cd72]" started-at="2024-10-24T16:46:21 IST" name="afterSuite" finished-at="2024-10-24T16:46:21 IST" duration-ms="0" status="PASS">
          <reporter-output>
          </reporter-output>
        </test-method> <!-- afterSuite -->
      </class> <!-- PAC_Webdriver.TC_TestNG -->
    </test> <!-- Default test -->
  </suite> <!-- Default suite -->
</testng-results>
